-------------------------------------------------------------------------------
Test set: TestSuite
-------------------------------------------------------------------------------
Tests run: 2, Failures: 1, Errors: 0, Skipped: 1, Time elapsed: 8.079 s <<< FAILURE! - in TestSuite
feature(com.ibm.testautomation.testrunner.TestRunner)  Time elapsed: 5.87 s  <<< FAILURE!
java.lang.AssertionError: null

